Query string 2
>Escherichia coli partial genome (1)
3 ->TTTT 1 
Query string 1
>Escherichia coli partial genome (2)
17 ->TATAGG 1 
Query string 4
>Escherichia coli partial genome (1)
75 ->AACTGG 6 
Query string 2
>Escherichia coli partial genome (2)
178 ->TTTT 7 
Query string 2
>Escherichia coli partial genome (1)
3 ->TTTT 1 
Query string 1
>Escherichia coli partial genome (2)
17 ->TATAGG 1 
Query string 4
>Escherichia coli partial genome (1)
75 ->AACTGG 6 
Query string 2
>Escherichia coli partial genome (2)
178 ->TTTT 7 
Query string 2
>Escherichia coli partial genome (1)
3 ->TTTT 1 
Query string 1
>Escherichia coli partial genome (2)
17 ->TATAGG 1 
Query string 4
>Escherichia coli partial genome (1)
75 ->AACTGG 6 
Query string 2
>Escherichia coli partial genome (2)
178 ->TTTT 7 
Query string 2
>Escherichia coli partial genome (2)
3 ->TTTT 1 
Query string 2
>Escherichia coli partial genome (2)
3 ->TTTT 1 
Query string 2
>Escherichia coli partial genome (1)
3 ->TTTT 1 
Query string 1
>Escherichia coli partial genome (2)
17 ->TATAGG 1 
Query string 4
>Escherichia coli partial genome (1)
75 ->AACTGG 6 
Query string 2
>Escherichia coli partial genome (2)
178 ->TTTT 7 
Query string 2
>Escherichia coli partial genome (1)
3 ->TTTT 1 
Query string 1
>Escherichia coli partial genome (2)
17 ->TATAGG 1 
Query string 4
>Escherichia coli partial genome (1)
75 ->AACTGG 6 
Query string 2
>Escherichia coli partial genome (2)
178 ->TTTT 7 
Query string 2
>Escherichia coli partial genome (1)
3 ->TTTT 1 
Query string 1
>Escherichia coli partial genome (2)
17 ->TATAGG 1 
Query string 4
>Escherichia coli partial genome (1)
75 ->AACTGG 6 
Query string 2
>Escherichia coli partial genome (2)
178 ->TTTT 7 
